[2022-08-09T15:09:54.171] [DEBUG] cheese - login => username:獠,password:123456
[2022-08-09T15:09:54.173] [DEBUG] cheese - 獠
[2022-08-09T15:14:10.411] [DEBUG] cheese - login => username:zx,password:123456
[2022-08-09T15:14:10.411] [DEBUG] cheese - zx
[2022-08-09T15:14:10.442] [DEBUG] cheese - login => username:zx,password:123456
[2022-08-09T15:14:10.442] [DEBUG] cheese - zx
[2022-08-09T15:14:10.445] [DEBUG] cheese - null
[2022-08-09T15:14:10.446] [DEBUG] cheese - null
[2022-08-09T15:14:10.448] [DEBUG] cheese - null
[2022-08-09T15:14:10.448] [DEBUG] cheese - null
[2022-08-09T15:14:10.449] [DEBUG] cheese - null
[2022-08-09T15:14:10.449] [DEBUG] cheese - null
[2022-08-09T15:15:06.777] [DEBUG] cheese - login => username:zx,password:123456
[2022-08-09T15:15:06.779] [DEBUG] cheese - zx
[2022-08-09T15:15:06.785] [DEBUG] cheese - null
[2022-08-09T15:15:06.786] [DEBUG] cheese - null
[2022-08-09T15:15:31.156] [DEBUG] cheese - login => username:admin,password:123456
[2022-08-09T15:15:31.157] [DEBUG] cheese - admin
[2022-08-09T15:15:31.161] [DEBUG] cheese - null
[2022-08-09T15:15:31.162] [DEBUG] cheese - null
[2022-08-09T18:30:29.018] [DEBUG] cheese - login => username:1231ss,password:123sda
[2022-08-09T18:30:29.019] [DEBUG] cheese - 1231ss
[2022-08-09T18:30:29.026] [DEBUG] cheese - null
[2022-08-09T18:30:29.027] [DEBUG] cheese - null
[2022-08-09T18:31:09.297] [DEBUG] cheese - login => username:ssssdww,password:123122222
[2022-08-09T18:31:09.297] [DEBUG] cheese - ssssdww
[2022-08-09T18:31:09.299] [DEBUG] cheese - null
[2022-08-09T18:31:09.299] [DEBUG] cheese - null
[2022-08-09T18:32:18.764] [DEBUG] cheese - login => username:2sda,password:sdfvccc
[2022-08-09T18:32:18.764] [DEBUG] cheese - 2sda
[2022-08-09T18:32:18.766] [DEBUG] cheese - null
[2022-08-09T18:32:18.766] [DEBUG] cheese - null
[2022-08-09T18:38:28.329] [DEBUG] cheese - login => username:xfddd,password:123ssqdw
[2022-08-09T18:38:28.329] [DEBUG] cheese - xfddd
[2022-08-09T18:38:28.333] [DEBUG] cheese - null
[2022-08-09T18:38:28.333] [DEBUG] cheese - null
[2022-08-09T18:38:56.720] [DEBUG] cheese - login => username:admin,password:123456
[2022-08-09T18:38:56.720] [DEBUG] cheese - admin
[2022-08-09T18:38:56.722] [DEBUG] cheese - null
[2022-08-09T18:38:56.723] [DEBUG] cheese - null
[2022-08-09T18:45:27.860] [DEBUG] cheese - login => username:admin,password:123456
[2022-08-09T18:45:27.860] [DEBUG] cheese - admin
[2022-08-09T18:45:27.864] [DEBUG] cheese - null
[2022-08-09T18:45:27.864] [DEBUG] cheese - null
[2022-08-09T19:22:06.978] [DEBUG] cheese - login => username:admin,password:123345
[2022-08-09T19:22:06.979] [DEBUG] cheese - admin
[2022-08-09T19:22:06.982] [DEBUG] cheese - null
[2022-08-09T19:22:06.982] [DEBUG] cheese - null
[2022-08-09T19:22:14.539] [DEBUG] cheese - login => username:admin,password:123456
[2022-08-09T19:22:14.539] [DEBUG] cheese - admin
[2022-08-09T19:22:14.542] [DEBUG] cheese - null
[2022-08-09T19:22:14.542] [DEBUG] cheese - null
[2022-08-09T21:31:27.053] [DEBUG] cheese - login => username:admin,password:123456
[2022-08-09T21:31:27.053] [DEBUG] cheese - admin
[2022-08-09T21:31:27.057] [DEBUG] cheese - null
[2022-08-09T21:31:27.057] [DEBUG] cheese - null
[2022-08-09T21:53:50.759] [DEBUG] cheese - login => username:admin,password:123456
[2022-08-09T21:53:50.759] [DEBUG] cheese - admin
[2022-08-09T21:53:50.762] [DEBUG] cheese - null
[2022-08-09T21:53:50.762] [DEBUG] cheese - null
[2022-08-11T11:00:06.648] [DEBUG] cheese - login => username:admin,password:123456
[2022-08-11T11:00:06.649] [DEBUG] cheese - admin
[2022-08-11T11:00:06.660] [DEBUG] cheese - null
[2022-08-11T11:00:06.660] [DEBUG] cheese - null
[2022-08-11T11:52:01.142] [DEBUG] cheese - login => username:admin,password:123456
[2022-08-11T11:52:01.142] [DEBUG] cheese - admin
[2022-08-11T11:52:01.145] [DEBUG] cheese - null
[2022-08-11T11:52:01.146] [DEBUG] cheese - null
[2022-08-12T12:01:41.953] [DEBUG] cheese - login => username:admin,password:123456
[2022-08-12T12:01:41.954] [DEBUG] cheese - admin
[2022-08-12T12:01:41.960] [DEBUG] cheese - null
[2022-08-12T12:01:41.960] [DEBUG] cheese - null
[2022-08-12T12:02:56.105] [DEBUG] cheese - login => username:admin,password:123456
[2022-08-12T12:02:56.105] [DEBUG] cheese - admin
[2022-08-12T12:02:56.106] [DEBUG] cheese - null
[2022-08-12T12:02:56.106] [DEBUG] cheese - null
[2022-08-12T12:03:33.325] [DEBUG] cheese - login => username:admin,password:123456
[2022-08-12T12:03:33.325] [DEBUG] cheese - admin
[2022-08-12T12:03:33.326] [DEBUG] cheese - null
[2022-08-12T12:03:33.327] [DEBUG] cheese - null
[2022-08-12T14:33:23.420] [DEBUG] cheese - null
[2022-08-12T14:37:12.124] [DEBUG] cheese - null
[2022-08-12T14:42:06.420] [DEBUG] cheese - null
[2022-08-12T14:42:11.004] [DEBUG] cheese - null
[2022-08-12T16:31:34.182] [DEBUG] cheese - null
[2022-08-12T16:32:37.292] [DEBUG] cheese - null
[2022-08-12T16:33:08.378] [DEBUG] cheese - null
[2022-08-12T16:33:48.279] [DEBUG] cheese - null
[2022-08-13T02:13:03.889] [DEBUG] cheese - login => username:admin,password:123456
[2022-08-13T02:13:03.890] [DEBUG] cheese - admin
[2022-08-13T02:13:03.903] [DEBUG] cheese - { inspect: [Function: inspect] }
[2022-08-13T02:13:03.905] [DEBUG] cheese - 查询失败
[2022-08-13T02:13:06.438] [DEBUG] cheese - login => username:admin,password:123456
[2022-08-13T02:13:06.438] [DEBUG] cheese - admin
[2022-08-13T02:13:06.441] [DEBUG] cheese - { inspect: [Function: inspect] }
[2022-08-13T02:13:06.441] [DEBUG] cheese - 查询失败
[2022-08-13T02:13:07.738] [DEBUG] cheese - login => username:admin,password:123456
[2022-08-13T02:13:07.739] [DEBUG] cheese - admin
[2022-08-13T02:13:07.741] [DEBUG] cheese - { inspect: [Function: inspect] }
[2022-08-13T02:13:07.741] [DEBUG] cheese - 查询失败
[2022-08-13T11:08:17.331] [DEBUG] cheese - login => username:admin,password:123456
[2022-08-13T11:08:17.333] [DEBUG] cheese - admin
[2022-08-13T11:08:17.341] [DEBUG] cheese - null
[2022-08-13T11:08:17.341] [DEBUG] cheese - null
[2022-08-13T14:09:14.031] [DEBUG] cheese - login => username:admin,password:123456
[2022-08-13T14:09:14.031] [DEBUG] cheese - admin
[2022-08-13T14:09:14.033] [DEBUG] cheese - null
[2022-08-13T14:09:14.033] [DEBUG] cheese - null
[2022-08-14T13:24:48.116] [DEBUG] cheese - login => username:admin,password:123456
[2022-08-14T13:24:48.118] [DEBUG] cheese - admin
[2022-08-14T13:24:48.121] [DEBUG] cheese - null
[2022-08-14T13:24:48.121] [DEBUG] cheese - null
[2022-08-14T14:35:12.767] [DEBUG] cheese - login => username:admin,password:123456
[2022-08-14T14:35:12.768] [DEBUG] cheese - admin
[2022-08-14T14:35:12.775] [DEBUG] cheese - null
[2022-08-14T14:35:12.775] [DEBUG] cheese - null
[2022-08-15T11:59:03.934] [DEBUG] cheese - login => username:admin,password:123456
[2022-08-15T11:59:03.960] [DEBUG] cheese - admin
[2022-08-15T11:59:03.964] [DEBUG] cheese - null
[2022-08-15T11:59:03.965] [DEBUG] cheese - null
[2022-08-15T14:37:27.486] [DEBUG] cheese - login => username:admin,password:123456
[2022-08-15T14:37:27.486] [DEBUG] cheese - admin
[2022-08-15T14:37:27.489] [DEBUG] cheese - null
[2022-08-15T14:37:27.490] [DEBUG] cheese - null
[2022-08-15T14:53:37.240] [DEBUG] cheese - null
[2022-08-15T14:56:18.525] [DEBUG] cheese - null
[2022-08-15T14:56:36.641] [DEBUG] cheese - null
[2022-08-15T16:44:48.509] [DEBUG] cheese - login => username:admin,password:123456
[2022-08-15T16:44:48.510] [DEBUG] cheese - admin
[2022-08-15T16:44:48.525] [DEBUG] cheese - null
[2022-08-15T16:44:48.525] [DEBUG] cheese - null
[2022-08-15T17:16:27.417] [DEBUG] cheese - login => username:admin,password:123456
[2022-08-15T17:16:27.417] [DEBUG] cheese - admin
[2022-08-15T17:16:27.420] [DEBUG] cheese - null
[2022-08-15T17:16:27.420] [DEBUG] cheese - null
[2022-08-15T19:31:31.406] [DEBUG] cheese - login => username:admin,password:123456
[2022-08-15T19:31:31.410] [DEBUG] cheese - admin
[2022-08-15T19:31:31.414] [DEBUG] cheese - null
[2022-08-15T19:31:31.415] [DEBUG] cheese - null
[2022-08-15T19:45:58.162] [DEBUG] cheese - login => username:admin,password:123456
[2022-08-15T19:45:58.162] [DEBUG] cheese - admin
[2022-08-15T19:45:58.164] [DEBUG] cheese - null
[2022-08-15T19:45:58.164] [DEBUG] cheese - null
[2022-08-15T20:38:23.897] [DEBUG] cheese - login => username:admin,password:123456
[2022-08-15T20:38:23.897] [DEBUG] cheese - admin
[2022-08-15T20:38:23.899] [DEBUG] cheese - null
[2022-08-15T20:38:23.900] [DEBUG] cheese - null
[2022-08-15T20:50:34.679] [DEBUG] cheese - login => username:admin,password:123456
[2022-08-15T20:50:34.680] [DEBUG] cheese - admin
[2022-08-15T20:50:34.683] [DEBUG] cheese - null
[2022-08-15T20:50:34.683] [DEBUG] cheese - null
[2022-08-15T20:58:31.109] [DEBUG] cheese - login => username:admin,password:123456
[2022-08-15T20:58:31.109] [DEBUG] cheese - admin
[2022-08-15T20:58:31.112] [DEBUG] cheese - null
[2022-08-15T20:58:31.112] [DEBUG] cheese - null
[2022-08-15T21:16:07.910] [DEBUG] cheese - login => username:admin,password:123456
[2022-08-15T21:16:07.911] [DEBUG] cheese - admin
[2022-08-15T21:16:07.925] [DEBUG] cheese - null
[2022-08-15T21:16:07.926] [DEBUG] cheese - null
